<?xml version="1.0" encoding="UTF-8"?>
<testng-results ignored="0" total="2" passed="1" failed="0" skipped="1">
  <reporter-output>
  </reporter-output>
  <suite started-at="2021-11-12T23:04:37 IST" name="Suite1" finished-at="2021-11-12T23:05:07 IST" duration-ms="30577">
    <groups>
    </groups>
    <test started-at="2021-11-12T23:04:37 IST" name="FirefoxTest" finished-at="2021-11-12T23:04:39 IST" duration-ms="2162">
      <class name="pack1.CrossBrowser">
        <test-method is-config="true" signature="setup(java.lang.String)[pri:0, instance:pack1.CrossBrowser@77167fb7]" started-at="2021-11-12T23:04:37 IST" name="setup" finished-at="2021-11-12T23:04:39 IST" duration-ms="1999" status="FAIL">
          <params>
            <param index="0">
              <value>
                <![CDATA[firefox]]>
              </value>
            </param>
          </params>
          <exception class="org.openqa.selenium.SessionNotCreatedException">
            <message>
              <![CDATA[session not created: No matching capabilities found
Build info: version: '3.141.59', revision: 'e82be7d358', time: '2018-11-14T08:17:03'
System info: host: 'DESKTOP-SE1G6PR', ip: '192.168.0.198', os.name: 'Windows 10', os.arch: 'amd64', os.version: '10.0', java.version: '16.0.1'
Driver info: driver.version: FirefoxDriver
remote stacktrace: Backtrace:
Ordinal0 [0x011506F3+2492147]
Ordinal0 [0x010E9BD1+2071505]
Ordinal0 [0x00FF2478+1057912]
Ordinal0 [0x010392AE+1348270]
Ordinal0 [0x0103890C+1345804]
Ordinal0 [0x01039BE5+1350629]
Ordinal0 [0x01039A6A+1350250]
Ordinal0 [0x0103568B+1332875]
Ordinal0 [0x010121D4+1188308]
Ordinal0 [0x0101302F+1191983]
GetHandleVerifier [0x012D67A6+1545030]
GetHandleVerifier [0x0138105C+2243580]
GetHandleVerifier [0x011DBC97+518199]
GetHandleVerifier [0x011DAD80+514336]
Ordinal0 [0x010EED2D+2092333]
Ordinal0 [0x010F2EE8+2109160]
Ordinal0 [0x010F3022+2109474]
Ordinal0 [0x010FCB71+2149233]
BaseThreadInitThunk [0x75D2FA29+25]
RtlGetAppContainerNamedObjectPath [0x77CC7A9E+286]
RtlGetAppContainerNamedObjectPath [0x77CC7A6E+238]
]]>
            </message>
            <full-stacktrace>
              <![CDATA[org.openqa.selenium.SessionNotCreatedException: session not created: No matching capabilities found
Build info: version: '3.141.59', revision: 'e82be7d358', time: '2018-11-14T08:17:03'
System info: host: 'DESKTOP-SE1G6PR', ip: '192.168.0.198', os.name: 'Windows 10', os.arch: 'amd64', os.version: '10.0', java.version: '16.0.1'
Driver info: driver.version: FirefoxDriver
remote stacktrace: Backtrace:
Ordinal0 [0x011506F3+2492147]
Ordinal0 [0x010E9BD1+2071505]
Ordinal0 [0x00FF2478+1057912]
Ordinal0 [0x010392AE+1348270]
Ordinal0 [0x0103890C+1345804]
Ordinal0 [0x01039BE5+1350629]
Ordinal0 [0x01039A6A+1350250]
Ordinal0 [0x0103568B+1332875]
Ordinal0 [0x010121D4+1188308]
Ordinal0 [0x0101302F+1191983]
GetHandleVerifier [0x012D67A6+1545030]
GetHandleVerifier [0x0138105C+2243580]
GetHandleVerifier [0x011DBC97+518199]
GetHandleVerifier [0x011DAD80+514336]
Ordinal0 [0x010EED2D+2092333]
Ordinal0 [0x010F2EE8+2109160]
Ordinal0 [0x010F3022+2109474]
Ordinal0 [0x010FCB71+2149233]
BaseThreadInitThunk [0x75D2FA29+25]
RtlGetAppContainerNamedObjectPath [0x77CC7A9E+286]
RtlGetAppContainerNamedObjectPath [0x77CC7A6E+238]

at java.base/jdk.internal.reflect.NativeConstructorAccessorImpl.newInstance0(Native Method)
at java.base/jdk.internal.reflect.NativeConstructorAccessorImpl.newInstance(NativeConstructorAccessorImpl.java:78)
at java.base/jdk.internal.reflect.DelegatingConstructorAccessorImpl.newInstance(DelegatingConstructorAccessorImpl.java:45)
at java.base/java.lang.reflect.Constructor.newInstanceWithCaller(Constructor.java:499)
at java.base/java.lang.reflect.Constructor.newInstance(Constructor.java:480)
at org.openqa.selenium.remote.W3CHandshakeResponse.lambda$errorHandler$0(W3CHandshakeResponse.java:62)
at org.openqa.selenium.remote.HandshakeResponse.lambda$getResponseFunction$0(HandshakeResponse.java:30)
at org.openqa.selenium.remote.ProtocolHandshake.lambda$createSession$0(ProtocolHandshake.java:126)
at java.base/java.util.stream.ReferencePipeline$3$1.accept(ReferencePipeline.java:197)
at java.base/java.util.Spliterators$ArraySpliterator.tryAdvance(Spliterators.java:958)
at java.base/java.util.stream.ReferencePipeline.forEachWithCancel(ReferencePipeline.java:129)
at java.base/java.util.stream.AbstractPipeline.copyIntoWithCancel(AbstractPipeline.java:502)
at java.base/java.util.stream.AbstractPipeline.copyInto(AbstractPipeline.java:488)
at java.base/java.util.stream.AbstractPipeline.wrapAndCopyInto(AbstractPipeline.java:474)
at java.base/java.util.stream.FindOps$FindOp.evaluateSequential(FindOps.java:150)
at java.base/java.util.stream.AbstractPipeline.evaluate(AbstractPipeline.java:234)
at java.base/java.util.stream.ReferencePipeline.findFirst(ReferencePipeline.java:647)
at org.openqa.selenium.remote.ProtocolHandshake.createSession(ProtocolHandshake.java:128)
at org.openqa.selenium.remote.ProtocolHandshake.createSession(ProtocolHandshake.java:74)
at org.openqa.selenium.remote.HttpCommandExecutor.execute(HttpCommandExecutor.java:136)
at org.openqa.selenium.remote.service.DriverCommandExecutor.execute(DriverCommandExecutor.java:83)
at org.openqa.selenium.remote.RemoteWebDriver.execute(RemoteWebDriver.java:552)
at org.openqa.selenium.remote.RemoteWebDriver.startSession(RemoteWebDriver.java:213)
at org.openqa.selenium.remote.RemoteWebDriver.<init>(RemoteWebDriver.java:131)
at org.openqa.selenium.firefox.FirefoxDriver.<init>(FirefoxDriver.java:147)
at org.openqa.selenium.firefox.FirefoxDriver.<init>(FirefoxDriver.java:125)
at pack1.CrossBrowser.setup(CrossBrowser.java:18)
at java.base/jdk.internal.reflect.NativeMethodAccessorImpl.invoke0(Native Method)
at java.base/jdk.internal.reflect.NativeMethodAccessorImpl.invoke(NativeMethodAccessorImpl.java:78)
at java.base/jdk.internal.reflect.DelegatingMethodAccessorImpl.invoke(DelegatingMethodAccessorImpl.java:43)
at java.base/java.lang.reflect.Method.invoke(Method.java:567)
at org.testng.internal.MethodInvocationHelper.invokeMethod(MethodInvocationHelper.java:133)
at org.testng.internal.MethodInvocationHelper.invokeMethodConsideringTimeout(MethodInvocationHelper.java:62)
at org.testng.internal.ConfigInvoker.invokeConfigurationMethod(ConfigInvoker.java:385)
at org.testng.internal.ConfigInvoker.invokeConfigurations(ConfigInvoker.java:321)
at org.testng.TestRunner.invokeTestConfigurations(TestRunner.java:637)
at org.testng.TestRunner.beforeRun(TestRunner.java:627)
at org.testng.TestRunner.run(TestRunner.java:589)
at org.testng.SuiteRunner.runTest(SuiteRunner.java:377)
at org.testng.SuiteRunner.access$000(SuiteRunner.java:28)
at org.testng.SuiteRunner$SuiteWorker.run(SuiteRunner.java:418)
at org.testng.internal.thread.ThreadUtil.lambda$execute$0(ThreadUtil.java:64)
at java.base/java.util.concurrent.FutureTask.run(FutureTask.java:264)
at java.base/java.util.concurrent.ThreadPoolExecutor.runWorker(ThreadPoolExecutor.java:1130)
at java.base/java.util.concurrent.ThreadPoolExecutor$Worker.run(ThreadPoolExecutor.java:630)
at java.base/java.lang.Thread.run(Thread.java:831)
]]>
            </full-stacktrace>
          </exception> <!-- org.openqa.selenium.SessionNotCreatedException -->
          <reporter-output>
          </reporter-output>
        </test-method> <!-- setup -->
        <test-method signature="demo()[pri:0, instance:pack1.CrossBrowser@77167fb7]" started-at="2021-11-12T23:04:39 IST" name="demo" finished-at="2021-11-12T23:04:39 IST" duration-ms="0" status="SKIP">
          <exception class="org.openqa.selenium.SessionNotCreatedException">
            <message>
              <![CDATA[session not created: No matching capabilities found
Build info: version: '3.141.59', revision: 'e82be7d358', time: '2018-11-14T08:17:03'
System info: host: 'DESKTOP-SE1G6PR', ip: '192.168.0.198', os.name: 'Windows 10', os.arch: 'amd64', os.version: '10.0', java.version: '16.0.1'
Driver info: driver.version: FirefoxDriver
remote stacktrace: Backtrace:
Ordinal0 [0x011506F3+2492147]
Ordinal0 [0x010E9BD1+2071505]
Ordinal0 [0x00FF2478+1057912]
Ordinal0 [0x010392AE+1348270]
Ordinal0 [0x0103890C+1345804]
Ordinal0 [0x01039BE5+1350629]
Ordinal0 [0x01039A6A+1350250]
Ordinal0 [0x0103568B+1332875]
Ordinal0 [0x010121D4+1188308]
Ordinal0 [0x0101302F+1191983]
GetHandleVerifier [0x012D67A6+1545030]
GetHandleVerifier [0x0138105C+2243580]
GetHandleVerifier [0x011DBC97+518199]
GetHandleVerifier [0x011DAD80+514336]
Ordinal0 [0x010EED2D+2092333]
Ordinal0 [0x010F2EE8+2109160]
Ordinal0 [0x010F3022+2109474]
Ordinal0 [0x010FCB71+2149233]
BaseThreadInitThunk [0x75D2FA29+25]
RtlGetAppContainerNamedObjectPath [0x77CC7A9E+286]
RtlGetAppContainerNamedObjectPath [0x77CC7A6E+238]
]]>
            </message>
            <full-stacktrace>
              <![CDATA[org.openqa.selenium.SessionNotCreatedException: session not created: No matching capabilities found
Build info: version: '3.141.59', revision: 'e82be7d358', time: '2018-11-14T08:17:03'
System info: host: 'DESKTOP-SE1G6PR', ip: '192.168.0.198', os.name: 'Windows 10', os.arch: 'amd64', os.version: '10.0', java.version: '16.0.1'
Driver info: driver.version: FirefoxDriver
remote stacktrace: Backtrace:
Ordinal0 [0x011506F3+2492147]
Ordinal0 [0x010E9BD1+2071505]
Ordinal0 [0x00FF2478+1057912]
Ordinal0 [0x010392AE+1348270]
Ordinal0 [0x0103890C+1345804]
Ordinal0 [0x01039BE5+1350629]
Ordinal0 [0x01039A6A+1350250]
Ordinal0 [0x0103568B+1332875]
Ordinal0 [0x010121D4+1188308]
Ordinal0 [0x0101302F+1191983]
GetHandleVerifier [0x012D67A6+1545030]
GetHandleVerifier [0x0138105C+2243580]
GetHandleVerifier [0x011DBC97+518199]
GetHandleVerifier [0x011DAD80+514336]
Ordinal0 [0x010EED2D+2092333]
Ordinal0 [0x010F2EE8+2109160]
Ordinal0 [0x010F3022+2109474]
Ordinal0 [0x010FCB71+2149233]
BaseThreadInitThunk [0x75D2FA29+25]
RtlGetAppContainerNamedObjectPath [0x77CC7A9E+286]
RtlGetAppContainerNamedObjectPath [0x77CC7A6E+238]

at java.base/jdk.internal.reflect.NativeConstructorAccessorImpl.newInstance0(Native Method)
at java.base/jdk.internal.reflect.NativeConstructorAccessorImpl.newInstance(NativeConstructorAccessorImpl.java:78)
at java.base/jdk.internal.reflect.DelegatingConstructorAccessorImpl.newInstance(DelegatingConstructorAccessorImpl.java:45)
at java.base/java.lang.reflect.Constructor.newInstanceWithCaller(Constructor.java:499)
at java.base/java.lang.reflect.Constructor.newInstance(Constructor.java:480)
at org.openqa.selenium.remote.W3CHandshakeResponse.lambda$errorHandler$0(W3CHandshakeResponse.java:62)
at org.openqa.selenium.remote.HandshakeResponse.lambda$getResponseFunction$0(HandshakeResponse.java:30)
at org.openqa.selenium.remote.ProtocolHandshake.lambda$createSession$0(ProtocolHandshake.java:126)
at java.base/java.util.stream.ReferencePipeline$3$1.accept(ReferencePipeline.java:197)
at java.base/java.util.Spliterators$ArraySpliterator.tryAdvance(Spliterators.java:958)
at java.base/java.util.stream.ReferencePipeline.forEachWithCancel(ReferencePipeline.java:129)
at java.base/java.util.stream.AbstractPipeline.copyIntoWithCancel(AbstractPipeline.java:502)
at java.base/java.util.stream.AbstractPipeline.copyInto(AbstractPipeline.java:488)
at java.base/java.util.stream.AbstractPipeline.wrapAndCopyInto(AbstractPipeline.java:474)
at java.base/java.util.stream.FindOps$FindOp.evaluateSequential(FindOps.java:150)
at java.base/java.util.stream.AbstractPipeline.evaluate(AbstractPipeline.java:234)
at java.base/java.util.stream.ReferencePipeline.findFirst(ReferencePipeline.java:647)
at org.openqa.selenium.remote.ProtocolHandshake.createSession(ProtocolHandshake.java:128)
at org.openqa.selenium.remote.ProtocolHandshake.createSession(ProtocolHandshake.java:74)
at org.openqa.selenium.remote.HttpCommandExecutor.execute(HttpCommandExecutor.java:136)
at org.openqa.selenium.remote.service.DriverCommandExecutor.execute(DriverCommandExecutor.java:83)
at org.openqa.selenium.remote.RemoteWebDriver.execute(RemoteWebDriver.java:552)
at org.openqa.selenium.remote.RemoteWebDriver.startSession(RemoteWebDriver.java:213)
at org.openqa.selenium.remote.RemoteWebDriver.<init>(RemoteWebDriver.java:131)
at org.openqa.selenium.firefox.FirefoxDriver.<init>(FirefoxDriver.java:147)
at org.openqa.selenium.firefox.FirefoxDriver.<init>(FirefoxDriver.java:125)
at pack1.CrossBrowser.setup(CrossBrowser.java:18)
at java.base/jdk.internal.reflect.NativeMethodAccessorImpl.invoke0(Native Method)
at java.base/jdk.internal.reflect.NativeMethodAccessorImpl.invoke(NativeMethodAccessorImpl.java:78)
at java.base/jdk.internal.reflect.DelegatingMethodAccessorImpl.invoke(DelegatingMethodAccessorImpl.java:43)
at java.base/java.lang.reflect.Method.invoke(Method.java:567)
at org.testng.internal.MethodInvocationHelper.invokeMethod(MethodInvocationHelper.java:133)
at org.testng.internal.MethodInvocationHelper.invokeMethodConsideringTimeout(MethodInvocationHelper.java:62)
at org.testng.internal.ConfigInvoker.invokeConfigurationMethod(ConfigInvoker.java:385)
at org.testng.internal.ConfigInvoker.invokeConfigurations(ConfigInvoker.java:321)
at org.testng.TestRunner.invokeTestConfigurations(TestRunner.java:637)
at org.testng.TestRunner.beforeRun(TestRunner.java:627)
at org.testng.TestRunner.run(TestRunner.java:589)
at org.testng.SuiteRunner.runTest(SuiteRunner.java:377)
at org.testng.SuiteRunner.access$000(SuiteRunner.java:28)
at org.testng.SuiteRunner$SuiteWorker.run(SuiteRunner.java:418)
at org.testng.internal.thread.ThreadUtil.lambda$execute$0(ThreadUtil.java:64)
at java.base/java.util.concurrent.FutureTask.run(FutureTask.java:264)
at java.base/java.util.concurrent.ThreadPoolExecutor.runWorker(ThreadPoolExecutor.java:1130)
at java.base/java.util.concurrent.ThreadPoolExecutor$Worker.run(ThreadPoolExecutor.java:630)
at java.base/java.lang.Thread.run(Thread.java:831)
]]>
            </full-stacktrace>
          </exception> <!-- org.openqa.selenium.SessionNotCreatedException -->
          <reporter-output>
          </reporter-output>
        </test-method> <!-- demo -->
      </class> <!-- pack1.CrossBrowser -->
    </test> <!-- FirefoxTest -->
    <test started-at="2021-11-12T23:04:37 IST" name="ChromeTest" finished-at="2021-11-12T23:05:07 IST" duration-ms="30577">
      <class name="pack1.CrossBrowser">
        <test-method is-config="true" signature="setup(java.lang.String)[pri:0, instance:pack1.CrossBrowser@3cc2931c]" started-at="2021-11-12T23:04:37 IST" name="setup" finished-at="2021-11-12T23:04:40 IST" duration-ms="3387" status="PASS">
          <params>
            <param index="0">
              <value>
                <![CDATA[chrome]]>
              </value>
            </param>
          </params>
          <reporter-output>
          </reporter-output>
        </test-method> <!-- setup -->
        <test-method signature="demo()[pri:0, instance:pack1.CrossBrowser@3cc2931c]" started-at="2021-11-12T23:04:40 IST" name="demo" finished-at="2021-11-12T23:05:07 IST" duration-ms="27176" status="PASS">
          <reporter-output>
          </reporter-output>
        </test-method> <!-- demo -->
      </class> <!-- pack1.CrossBrowser -->
    </test> <!-- ChromeTest -->
  </suite> <!-- Suite1 -->
</testng-results>
